[2023-09-09 15:13:06,823] {taskinstance.py:1179} INFO - Dependencies all met for <TaskInstance: download_rocket_launches.get_pictures manual__2023-09-09T15:13:03.682207+00:00 [queued]>
[2023-09-09 15:13:06,833] {taskinstance.py:1179} INFO - Dependencies all met for <TaskInstance: download_rocket_launches.get_pictures manual__2023-09-09T15:13:03.682207+00:00 [queued]>
[2023-09-09 15:13:06,833] {taskinstance.py:1376} INFO - 
--------------------------------------------------------------------------------
[2023-09-09 15:13:06,833] {taskinstance.py:1377} INFO - Starting attempt 1 of 1
[2023-09-09 15:13:06,833] {taskinstance.py:1378} INFO - 
--------------------------------------------------------------------------------
[2023-09-09 15:13:06,847] {taskinstance.py:1397} INFO - Executing <Task(PythonOperator): get_pictures> on 2023-09-09 15:13:03.682207+00:00
[2023-09-09 15:13:06,850] {standard_task_runner.py:52} INFO - Started process 18294 to run task
[2023-09-09 15:13:06,853] {standard_task_runner.py:79} INFO - Running: ['***', 'tasks', 'run', 'download_rocket_launches', 'get_pictures', 'manual__2023-09-09T15:13:03.682207+00:00', '--job-id', '49', '--raw', '--subdir', 'DAGS_FOLDER/download_rocket_launches.py', '--cfg-path', '/tmp/tmp1mcbbkp6', '--error-file', '/tmp/tmpu3hk9zny']
[2023-09-09 15:13:06,853] {standard_task_runner.py:80} INFO - Job 49: Subtask get_pictures
[2023-09-09 15:13:06,913] {task_command.py:371} INFO - Running <TaskInstance: download_rocket_launches.get_pictures manual__2023-09-09T15:13:03.682207+00:00 [running]> on host b18943745c0d
[2023-09-09 15:13:06,977] {taskinstance.py:1591} INFO - Exporting the following env vars:
AIRFLOW_CTX_DAG_OWNER=***
AIRFLOW_CTX_DAG_ID=download_rocket_launches
AIRFLOW_CTX_TASK_ID=get_pictures
AIRFLOW_CTX_EXECUTION_DATE=2023-09-09T15:13:03.682207+00:00
AIRFLOW_CTX_TRY_NUMBER=1
AIRFLOW_CTX_DAG_RUN_ID=manual__2023-09-09T15:13:03.682207+00:00
[2023-09-09 15:13:06,978] {taskinstance.py:1909} ERROR - Task failed with exception
Traceback (most recent call last):
  File "/home/airflow/.local/lib/python3.7/site-packages/airflow/operators/python.py", line 171, in execute
    return_value = self.execute_callable()
  File "/home/airflow/.local/lib/python3.7/site-packages/airflow/operators/python.py", line 189, in execute_callable
    return self.python_callable(*self.op_args, **self.op_kwargs)
  File "/opt/airflow/dags/download_rocket_launches.py", line 31, in _get_pictures
    abs_images_dir = os.path.abspath(images_dir)
NameError: name 'images_dir' is not defined
[2023-09-09 15:13:06,989] {taskinstance.py:1420} INFO - Marking task as FAILED. dag_id=download_rocket_launches, task_id=get_pictures, execution_date=20230909T151303, start_date=20230909T151306, end_date=20230909T151306
[2023-09-09 15:13:07,003] {standard_task_runner.py:97} ERROR - Failed to execute job 49 for task get_pictures (name 'images_dir' is not defined; 18294)
[2023-09-09 15:13:07,025] {local_task_job.py:156} INFO - Task exited with return code 1
[2023-09-09 15:13:07,064] {local_task_job.py:273} INFO - 0 downstream tasks scheduled from follow-on schedule check
