[2023-09-11 15:00:00,956] {taskinstance.py:1179} INFO - Dependencies all met for <TaskInstance: Examine_Templet_Value.get_data scheduled__2023-09-11T14:00:00+00:00 [queued]>
[2023-09-11 15:00:00,970] {taskinstance.py:1179} INFO - Dependencies all met for <TaskInstance: Examine_Templet_Value.get_data scheduled__2023-09-11T14:00:00+00:00 [queued]>
[2023-09-11 15:00:00,970] {taskinstance.py:1376} INFO - 
--------------------------------------------------------------------------------
[2023-09-11 15:00:00,970] {taskinstance.py:1377} INFO - Starting attempt 1 of 1
[2023-09-11 15:00:00,970] {taskinstance.py:1378} INFO - 
--------------------------------------------------------------------------------
[2023-09-11 15:00:00,989] {taskinstance.py:1397} INFO - Executing <Task(PythonOperator): get_data> on 2023-09-11 14:00:00+00:00
[2023-09-11 15:00:00,994] {standard_task_runner.py:52} INFO - Started process 10077 to run task
[2023-09-11 15:00:00,997] {standard_task_runner.py:79} INFO - Running: ['***', 'tasks', 'run', 'Examine_Templet_Value', 'get_data', 'scheduled__2023-09-11T14:00:00+00:00', '--job-id', '635', '--raw', '--subdir', 'DAGS_FOLDER/Examine_Templet_Value.py', '--cfg-path', '/tmp/tmpqiso55id', '--error-file', '/tmp/tmpq3_9qnlw']
[2023-09-11 15:00:00,997] {standard_task_runner.py:80} INFO - Job 635: Subtask get_data
[2023-09-11 15:00:01,058] {task_command.py:371} INFO - Running <TaskInstance: Examine_Templet_Value.get_data scheduled__2023-09-11T14:00:00+00:00 [running]> on host b18943745c0d
[2023-09-11 15:00:01,092] {warnings.py:110} WARNING - /home/***/.local/lib/python3.7/site-packages/***/utils/context.py:202: AirflowContextDeprecationWarning: Accessing 'execution_date' from the template is deprecated and will be removed in a future version. Please use 'data_interval_start' or 'logical_date' instead.
  warnings.warn(_create_deprecation_warning(key, self._deprecation_replacements[key]))

[2023-09-11 15:00:01,194] {taskinstance.py:1591} INFO - Exporting the following env vars:
AIRFLOW_CTX_DAG_OWNER=***
AIRFLOW_CTX_DAG_ID=Examine_Templet_Value
AIRFLOW_CTX_TASK_ID=get_data
AIRFLOW_CTX_EXECUTION_DATE=2023-09-11T14:00:00+00:00
AIRFLOW_CTX_TRY_NUMBER=1
AIRFLOW_CTX_DAG_RUN_ID=scheduled__2023-09-11T14:00:00+00:00
[2023-09-11 15:00:02,318] {taskinstance.py:1909} ERROR - Task failed with exception
Traceback (most recent call last):
  File "/home/airflow/.local/lib/python3.7/site-packages/airflow/operators/python.py", line 171, in execute
    return_value = self.execute_callable()
  File "/home/airflow/.local/lib/python3.7/site-packages/airflow/operators/python.py", line 189, in execute_callable
    return self.python_callable(*self.op_args, **self.op_kwargs)
  File "/opt/airflow/dags/Examine_Templet_Value.py", line 18, in _get_data
    request.urlretrieve(url, output_path)
  File "/usr/local/lib/python3.7/urllib/request.py", line 247, in urlretrieve
    with contextlib.closing(urlopen(url, data)) as fp:
  File "/usr/local/lib/python3.7/urllib/request.py", line 222, in urlopen
    return opener.open(url, data, timeout)
  File "/usr/local/lib/python3.7/urllib/request.py", line 531, in open
    response = meth(req, response)
  File "/usr/local/lib/python3.7/urllib/request.py", line 641, in http_response
    'http', request, response, code, msg, hdrs)
  File "/usr/local/lib/python3.7/urllib/request.py", line 569, in error
    return self._call_chain(*args)
  File "/usr/local/lib/python3.7/urllib/request.py", line 503, in _call_chain
    result = func(*args)
  File "/usr/local/lib/python3.7/urllib/request.py", line 649, in http_error_default
    raise HTTPError(req.full_url, code, msg, hdrs, fp)
urllib.error.HTTPError: HTTP Error 404: Not Found
[2023-09-11 15:00:02,348] {taskinstance.py:1420} INFO - Marking task as FAILED. dag_id=Examine_Templet_Value, task_id=get_data, execution_date=20230911T140000, start_date=20230911T150000, end_date=20230911T150002
[2023-09-11 15:00:02,359] {standard_task_runner.py:97} ERROR - Failed to execute job 635 for task get_data (HTTP Error 404: Not Found; 10077)
[2023-09-11 15:00:02,375] {local_task_job.py:156} INFO - Task exited with return code 1
[2023-09-11 15:00:02,406] {local_task_job.py:273} INFO - 0 downstream tasks scheduled from follow-on schedule check
