[2023-09-11 10:29:23,089] {taskinstance.py:1179} INFO - Dependencies all met for <TaskInstance: Examine_Templet_Value.get_data manual__2023-09-11T10:29:21.743955+00:00 [queued]>
[2023-09-11 10:29:23,099] {taskinstance.py:1179} INFO - Dependencies all met for <TaskInstance: Examine_Templet_Value.get_data manual__2023-09-11T10:29:21.743955+00:00 [queued]>
[2023-09-11 10:29:23,099] {taskinstance.py:1376} INFO - 
--------------------------------------------------------------------------------
[2023-09-11 10:29:23,099] {taskinstance.py:1377} INFO - Starting attempt 1 of 1
[2023-09-11 10:29:23,099] {taskinstance.py:1378} INFO - 
--------------------------------------------------------------------------------
[2023-09-11 10:29:23,113] {taskinstance.py:1397} INFO - Executing <Task(PythonOperator): get_data> on 2023-09-11 10:29:21.743955+00:00
[2023-09-11 10:29:23,117] {standard_task_runner.py:52} INFO - Started process 347 to run task
[2023-09-11 10:29:23,120] {standard_task_runner.py:79} INFO - Running: ['***', 'tasks', 'run', 'Examine_Templet_Value', 'get_data', 'manual__2023-09-11T10:29:21.743955+00:00', '--job-id', '311', '--raw', '--subdir', 'DAGS_FOLDER/Examine_Templet_Value.py', '--cfg-path', '/tmp/tmp691vy5mq', '--error-file', '/tmp/tmplwdbrc5h']
[2023-09-11 10:29:23,120] {standard_task_runner.py:80} INFO - Job 311: Subtask get_data
[2023-09-11 10:29:23,181] {task_command.py:371} INFO - Running <TaskInstance: Examine_Templet_Value.get_data manual__2023-09-11T10:29:21.743955+00:00 [running]> on host b18943745c0d
[2023-09-11 10:29:23,216] {warnings.py:110} WARNING - /home/***/.local/lib/python3.7/site-packages/***/utils/context.py:202: AirflowContextDeprecationWarning: Accessing 'execution_date' from the template is deprecated and will be removed in a future version. Please use 'data_interval_start' or 'logical_date' instead.
  warnings.warn(_create_deprecation_warning(key, self._deprecation_replacements[key]))

[2023-09-11 10:29:23,266] {taskinstance.py:1591} INFO - Exporting the following env vars:
AIRFLOW_CTX_DAG_OWNER=***
AIRFLOW_CTX_DAG_ID=Examine_Templet_Value
AIRFLOW_CTX_TASK_ID=get_data
AIRFLOW_CTX_EXECUTION_DATE=2023-09-11T10:29:21.743955+00:00
AIRFLOW_CTX_TRY_NUMBER=1
AIRFLOW_CTX_DAG_RUN_ID=manual__2023-09-11T10:29:21.743955+00:00
[2023-09-11 10:29:23,267] {taskinstance.py:1909} ERROR - Task failed with exception
Traceback (most recent call last):
  File "/home/airflow/.local/lib/python3.7/site-packages/airflow/operators/python.py", line 171, in execute
    return_value = self.execute_callable()
  File "/home/airflow/.local/lib/python3.7/site-packages/airflow/operators/python.py", line 189, in execute_callable
    return self.python_callable(*self.op_args, **self.op_kwargs)
  File "/opt/airflow/dags/Examine_Templet_Value.py", line 16, in _get_data
    "https://dumps.wikimedia.org/other/pageviews/"
ValueError: '=' alignment not allowed in string format specifier
[2023-09-11 10:29:23,276] {taskinstance.py:1420} INFO - Marking task as FAILED. dag_id=Examine_Templet_Value, task_id=get_data, execution_date=20230911T102921, start_date=20230911T102923, end_date=20230911T102923
[2023-09-11 10:29:23,290] {standard_task_runner.py:97} ERROR - Failed to execute job 311 for task get_data ('=' alignment not allowed in string format specifier; 347)
[2023-09-11 10:29:23,333] {local_task_job.py:156} INFO - Task exited with return code 1
[2023-09-11 10:29:23,364] {local_task_job.py:273} INFO - 0 downstream tasks scheduled from follow-on schedule check
